{"logTime": "0318/103859", "correlationVector":"pzOdM5wjTJpM7GQ8EsYxcr.1","action":"SyncServerConnectionManagerRequest", "result":"SYNC_SERVER_OK", "context":{"environment":"Prod_southeastasia_prod-s01-065-apac-southeastasia", "migrationStage":"NotStarted", "server":"akswtt11100002z"}}
{"logTime": "0318/103859", "correlationVector":"pzOdM5wjTJpM7GQ8EsYxcr.2","action":"ProcessGetUpdates", "result":"Done", "context":{"dataType":"Encryption Keys", "deleted":"0", "process_failed_to_decrypt":"0", "process_pending_decryption":"0", "process_success":"1", "total":"1"}}
{"logTime": "0318/103900", "correlationVector":"DWzBHKVsugUCcnIsGUHFqg","action":"SyncServerConnectionManagerRequest", "result":"SYNC_SERVER_OK", "context":{"environment":"", "migrationStage":"", "server":""}}
{"logTime": "0318/103900", "correlationVector":"DWzBHKVsugUCcnIsGUHFqg.0","action":"EncryptionKeysFetcher.DownloadKeys:", "result":"Success", "context":Key count: 1, Last key timestamp: 2026-01-26T08:39:12Z}
{"logTime": "0318/103900", "correlationVector":"DWzBHKVsugUCcnIsGUHFqg.1","action":"EncryptionKeysManager::SetEncryptionKeys:", "result":"Success", "context":Key names[1]:[aKGVWxe4gI6AXyBvh3KjUeKLl2rgGGI+O4NKvXx7ZpuC7sVsZvBdwz+0lobbA0c9taezTUtbBIb1FuAETZ+GFA==]}
{"logTime": "0318/103900", "correlationVector":"DWzBHKVsugUCcnIsGUHFqg.2","action":"EncryptionKeysManager::SetEncryptionKeysWithTimestamps:", "result":"Success", "context":Key timestamps[1]:[2026-01-26T08:39:12Z]}
{"logTime": "0318/103900", "correlationVector":"pzOdM5wjTJpM7GQ8EsYxcr","action":"Initial GetUpdates", "result":"", "context":Reason: NEW_CLIENT. cV=pzOdM5wjTJpM7GQ8EsYxcr}
{"logTime": "0318/103900", "correlationVector":"pzOdM5wjTJpM7GQ8EsYxcr.3","action":"GetUpdates Response", "result":"Success", "context":Received 1 update(s). cV=pzOdM5wjTJpM7GQ8EsYxcr.0;server=akswtt11100002z;cloudType=Consumer;environment=Prod_southeastasia_prod-s01-065-apac-southeastasia;migrationStage=NotStarted}
{"logTime": "0318/103900", "correlationVector":"RTolL+YQuYpjv0Q30DRaZg","action":"Initial GetUpdates", "result":"", "context":Reason: NEWLY_SUPPORTED_DATATYPE. cV=RTolL+YQuYpjv0Q30DRaZg}
{"logTime": "0318/103900", "correlationVector":"RTolL+YQuYpjv0Q30DRaZg.1","action":"SyncServerConnectionManagerRequest", "result":"SYNC_SERVER_OK", "context":{"environment":"Prod_southeastasia_prod-s01-065-apac-southeastasia", "migrationStage":"NotStarted", "server":"akswtt111000023"}}
{"logTime": "0318/103900", "correlationVector":"RTolL+YQuYpjv0Q30DRaZg.2","action":"ProcessGetUpdates", "result":"Done", "context":{"dataType":"Preferences", "deleted":"0", "process_failed_to_decrypt":"0", "process_pending_decryption":"0", "process_success":"22", "total":"22"}}
{"logTime": "0318/103900", "correlationVector":"RTolL+YQuYpjv0Q30DRaZg.3","action":"ProcessGetUpdates", "result":"Done", "context":{"dataType":"Passwords", "deleted":"0", "process_failed_to_decrypt":"0", "process_pending_decryption":"0", "process_success":"1", "total":"1"}}
{"logTime": "0318/103900", "correlationVector":"RTolL+YQuYpjv0Q30DRaZg.4","action":"ProcessGetUpdates", "result":"Done", "context":{"dataType":"Device Info", "deleted":"0", "process_failed_to_decrypt":"0", "process_pending_decryption":"0", "process_success":"27", "total":"27"}}
{"logTime": "0318/103900", "correlationVector":"RTolL+YQuYpjv0Q30DRaZg.5","action":"GetUpdates Response", "result":"Success", "context":Received 50 update(s). cV=RTolL+YQuYpjv0Q30DRaZg.0;server=akswtt111000023;cloudType=Consumer;environment=Prod_southeastasia_prod-s01-065-apac-southeastasia;migrationStage=NotStarted}
{"logTime": "0318/103900", "correlationVector":"bdf6d8niKiKHJcgQzukCEG","action":"Initial GetUpdates", "result":"", "context":Reason: NEWLY_SUPPORTED_DATATYPE. cV=bdf6d8niKiKHJcgQzukCEG}
{"logTime": "0318/103901", "correlationVector":"bdf6d8niKiKHJcgQzukCEG.1","action":"SyncServerConnectionManagerRequest", "result":"SYNC_SERVER_OK", "context":{"environment":"Prod_southeastasia_prod-s01-065-apac-southeastasia", "migrationStage":"NotStarted", "server":"akswtt11100001k"}}
{"logTime": "0318/103901", "correlationVector":"bdf6d8niKiKHJcgQzukCEG.2","action":"ProcessGetUpdates", "result":"Done", "context":{"dataType":"Bookmarks", "deleted":"0", "process_failed_to_decrypt":"0", "process_pending_decryption":"0", "process_success":"6", "total":"6"}}
{"logTime": "0318/103901", "correlationVector":"bdf6d8niKiKHJcgQzukCEG.3","action":"GetUpdates Response", "result":"Success", "context":Received 6 update(s). cV=bdf6d8niKiKHJcgQzukCEG.0;server=akswtt11100001k;cloudType=Consumer;environment=Prod_southeastasia_prod-s01-065-apac-southeastasia;migrationStage=NotStarted}
{"logTime": "0318/103901", "correlationVector":"S9tF167Pl4Uu47V4H74eYi","action":"Initial GetUpdates", "result":"", "context":Reason: NEWLY_SUPPORTED_DATATYPE. cV=S9tF167Pl4Uu47V4H74eYi}
{"logTime": "0318/103901", "correlationVector":"S9tF167Pl4Uu47V4H74eYi.1","action":"SyncServerConnectionManagerRequest", "result":"SYNC_SERVER_OK", "context":{"environment":"Prod_southeastasia_prod-s01-065-apac-southeastasia", "migrationStage":"NotStarted", "server":"akswtt111000002"}}
{"logTime": "0318/103901", "correlationVector":"S9tF167Pl4Uu47V4H74eYi.2","action":"ProcessGetUpdates", "result":"Done", "context":{"dataType":"Autofill", "deleted":"0", "process_failed_to_decrypt":"0", "process_pending_decryption":"0", "process_success":"2", "total":"2"}}
{"logTime": "0318/103901", "correlationVector":"S9tF167Pl4Uu47V4H74eYi.3","action":"ProcessGetUpdates", "result":"Done", "context":{"dataType":"Sessions", "deleted":"2", "process_failed_to_decrypt":"0", "process_pending_decryption":"0", "process_success":"20", "total":"20"}}
{"logTime": "0318/103901", "correlationVector":"S9tF167Pl4Uu47V4H74eYi.4","action":"ProcessGetUpdates", "result":"Done", "context":{"dataType":"Edge Hub App Usage", "deleted":"0", "process_failed_to_decrypt":"0", "process_pending_decryption":"0", "process_success":"7", "total":"7"}}
{"logTime": "0318/103901", "correlationVector":"S9tF167Pl4Uu47V4H74eYi.5","action":"GetUpdates Response", "result":"Success", "context":Received 29 update(s). cV=S9tF167Pl4Uu47V4H74eYi.0;server=akswtt111000002;cloudType=Consumer;environment=Prod_southeastasia_prod-s01-065-apac-southeastasia;migrationStage=NotStarted}
{"logTime": "0318/103901", "correlationVector":"Ol2WVJNDNX5Fby4ZZT+bkt","action":"Initial GetUpdates", "result":"", "context":Reason: NEWLY_SUPPORTED_DATATYPE. cV=Ol2WVJNDNX5Fby4ZZT+bkt}
{"logTime": "0318/103901", "correlationVector":"Ol2WVJNDNX5Fby4ZZT+bkt.1","action":"SyncServerConnectionManagerRequest", "result":"SYNC_SERVER_OK", "context":{"environment":"Prod_southeastasia_prod-s01-065-apac-southeastasia", "migrationStage":"NotStarted", "server":"akswtt111000023"}}
{"logTime": "0318/103901", "correlationVector":"Ol2WVJNDNX5Fby4ZZT+bkt.2","action":"ProcessGetUpdates", "result":"Done", "context":{"dataType":"History", "deleted":"0", "process_failed_to_decrypt":"0", "process_pending_decryption":"0", "process_success":"21", "total":"21"}}
{"logTime": "0318/103901", "correlationVector":"Ol2WVJNDNX5Fby4ZZT+bkt.3","action":"GetUpdates Response", "result":"Success", "context":Received 21 update(s). cV=Ol2WVJNDNX5Fby4ZZT+bkt.0;server=akswtt111000023;cloudType=Consumer;environment=Prod_southeastasia_prod-s01-065-apac-southeastasia;migrationStage=NotStarted}
{"logTime": "0318/103901", "correlationVector":"HVqJkAcqsqC5rXI8OwjaHT","action":"Normal GetUpdate request", "result":"", "context":cV=HVqJkAcqsqC5rXI8OwjaHT
Nudged types: Preferences, Passwords, Sessions, Device Info, User Consents
Refresh requested types: Bookmarks, Preferences, Passwords, Autofill Profiles, Autofill, Extensions, Sessions, Extension settings, History Delete Directives, Device Info, User Consents, Send Tab To Self, Web Apps, History, Saved Tab Group, WebAuthn Credentials, Collection, Edge E Drop, Edge Hub App Usage, Edge Wallet, Edge Workspace, Encryption Keys}
{"logTime": "0318/103901", "correlationVector":"HVqJkAcqsqC5rXI8OwjaHT.1","action":"SyncServerConnectionManagerRequest", "result":"SYNC_SERVER_OK", "context":{"environment":"Prod_southeastasia_prod-s01-065-apac-southeastasia", "migrationStage":"NotStarted", "server":"akswtt11100002n"}}
{"logTime": "0318/103901", "correlationVector":"HVqJkAcqsqC5rXI8OwjaHT.2","action":"GetUpdates Response", "result":"Success", "context":Received 0 update(s). cV=HVqJkAcqsqC5rXI8OwjaHT.0;server=akswtt11100002n;cloudType=Consumer;environment=Prod_southeastasia_prod-s01-065-apac-southeastasia;migrationStage=NotStarted}
{"logTime": "0318/103901", "correlationVector":"hMwpNyYmF47Tai6mHzapzY","action":"Commit Request", "result":"", "context":Item count: 20
Contributing types: Preferences, Passwords, Sessions, Device Info, User Consents, History}
{"logTime": "0318/103904", "correlationVector":"hMwpNyYmF47Tai6mHzapzY.1","action":"SyncServerConnectionManagerRequest", "result":"SYNC_SERVER_OK", "context":{"environment":"Prod_southeastasia_prod-s01-065-apac-southeastasia", "migrationStage":"NotStarted", "server":"akswtt11100002n"}}
{"logTime": "0318/103904", "correlationVector":"hMwpNyYmF47Tai6mHzapzY.2","action":"Commit Response", "result":"Success", "context":Result: Success. cV=hMwpNyYmF47Tai6mHzapzY.0;server=akswtt11100002n;cloudType=Consumer;environment=Prod_southeastasia_prod-s01-065-apac-southeastasia;migrationStage=NotStarted}
{"logTime": "0318/103925", "correlationVector":"vQqkPUmPRdQ4wS+5imX6Oa","action":"Commit Request", "result":"", "context":Item count: 3
Contributing types: Preferences, Sessions, History}
{"logTime": "0318/103926", "correlationVector":"vQqkPUmPRdQ4wS+5imX6Oa.1","action":"SyncServerConnectionManagerRequest", "result":"SYNC_SERVER_OK", "context":{"environment":"Prod_southeastasia_prod-s01-065-apac-southeastasia", "migrationStage":"NotStarted", "server":"akswtt11100001k"}}
{"logTime": "0318/103926", "correlationVector":"vQqkPUmPRdQ4wS+5imX6Oa.2","action":"Commit Response", "result":"Success", "context":Result: Success. cV=vQqkPUmPRdQ4wS+5imX6Oa.0;server=akswtt11100001k;cloudType=Consumer;environment=Prod_southeastasia_prod-s01-065-apac-southeastasia;migrationStage=NotStarted}
